[     202ms] [ERROR] Loading the stylesheet 'https://fonts.googleapis.com/css2?family=DM+Sans:wght@400;500;700&display=swap' violates the following Content Security Policy directive: "style-src 'self' 'unsafe-inline'". Note that 'style-src-elem' was not explicitly set, so 'style-src' is used as a fallback. The action has been blocked. @ https://solana-blik.vercel.app/:0
[   28957ms] [ERROR] Failed to load resource: the server responded with a status of 400 () @ https://solana-blik.vercel.app/api/codes/generate:0
[   29339ms] [ERROR] Failed to load resource: the server responded with a status of 400 () @ https://solana-blik.vercel.app/api/payments/link:0
[   29510ms] [ERROR] Failed to load resource: the server responded with a status of 404 () @ https://solana-blik.vercel.app/api/codes/undefined/resolve:0
[   65160ms] [ERROR] Failed to load resource: the server responded with a status of 400 () @ https://solana-blik.vercel.app/api/codes/395854/resolve:0
[   65951ms] [ERROR] Failed to load resource: the server responded with a status of 400 () @ https://solana-blik.vercel.app/api/codes/395855/resolve:0
[   66617ms] [ERROR] Failed to load resource: the server responded with a status of 400 () @ https://solana-blik.vercel.app/api/codes/395856/resolve:0
[   67350ms] [ERROR] Failed to load resource: the server responded with a status of 400 () @ https://solana-blik.vercel.app/api/codes/395857/resolve:0
[   68059ms] [ERROR] Failed to load resource: the server responded with a status of 400 () @ https://solana-blik.vercel.app/api/codes/395858/resolve:0
[   68734ms] [ERROR] Failed to load resource: the server responded with a status of 400 () @ https://solana-blik.vercel.app/api/codes/395859/resolve:0
[   69377ms] [ERROR] Failed to load resource: the server responded with a status of 400 () @ https://solana-blik.vercel.app/api/codes/395860/resolve:0
[   70028ms] [ERROR] Failed to load resource: the server responded with a status of 400 () @ https://solana-blik.vercel.app/api/codes/395861/resolve:0
[   70673ms] [ERROR] Failed to load resource: the server responded with a status of 400 () @ https://solana-blik.vercel.app/api/codes/395862/resolve:0
[   71335ms] [ERROR] Failed to load resource: the server responded with a status of 400 () @ https://solana-blik.vercel.app/api/codes/395863/resolve:0
[   72019ms] [ERROR] Failed to load resource: the server responded with a status of 400 () @ https://solana-blik.vercel.app/api/codes/395864/resolve:0
[   72666ms] [ERROR] Failed to load resource: the server responded with a status of 400 () @ https://solana-blik.vercel.app/api/codes/395865/resolve:0
[   73556ms] [ERROR] Failed to load resource: the server responded with a status of 400 () @ https://solana-blik.vercel.app/api/codes/395866/resolve:0
[   74210ms] [ERROR] Failed to load resource: the server responded with a status of 400 () @ https://solana-blik.vercel.app/api/codes/395867/resolve:0
[   74872ms] [ERROR] Failed to load resource: the server responded with a status of 400 () @ https://solana-blik.vercel.app/api/codes/395868/resolve:0
[   75528ms] [ERROR] Failed to load resource: the server responded with a status of 400 () @ https://solana-blik.vercel.app/api/codes/395869/resolve:0
[   76262ms] [ERROR] Failed to load resource: the server responded with a status of 400 () @ https://solana-blik.vercel.app/api/codes/395870/resolve:0
[   76959ms] [ERROR] Failed to load resource: the server responded with a status of 400 () @ https://solana-blik.vercel.app/api/codes/395871/resolve:0
[   77608ms] [ERROR] Failed to load resource: the server responded with a status of 400 () @ https://solana-blik.vercel.app/api/codes/395872/resolve:0
[   78263ms] [ERROR] Failed to load resource: the server responded with a status of 400 () @ https://solana-blik.vercel.app/api/codes/395873/resolve:0
[   78956ms] [ERROR] Failed to load resource: the server responded with a status of 400 () @ https://solana-blik.vercel.app/api/codes/395874/resolve:0
[   79613ms] [ERROR] Failed to load resource: the server responded with a status of 400 () @ https://solana-blik.vercel.app/api/codes/395864/resolve:0
